
=== Script Started ===

File verification:
- Historical points: 18
- Current points: 18
- Time range: 2025-02-26T13:46:01.710222+01:00 to 2025-02-26T13:46:58.421750+01:00

=== Starting Data Collection ===
Collecting... Points:  1 | CPU:  0.7% | MEM:  7.4%Collecting... Points:  2 | CPU:  0.3% | MEM:  7.5%Collecting... Points:  3 | CPU:  0.3% | MEM:  7.5%Collecting... Points:  4 | CPU:  0.3% | MEM:  7.5%Collecting... Points:  5 | CPU:  0.4% | MEM:  7.4%Collecting... Points:  6 | CPU:  0.9% | MEM:  7.5%Collecting... Points:  7 | CPU:  0.7% | MEM:  7.6%Collecting... Points:  8 | CPU:  0.8% | MEM:  7.6%Collecting... Points:  9 | CPU:  0.8% | MEM:  7.5%Collecting... Points: 10 | CPU:  0.8% | MEM:  7.5%Collecting... Points: 11 | CPU:  0.5% | MEM:  7.5%Collecting... Points: 12 | CPU:  0.8% | MEM:  7.5%Collecting... Points: 13 | CPU:  0.6% | MEM:  7.5%Collecting... Points: 14 | CPU:  0.8% | MEM:  7.5%Collecting... Points: 15 | CPU:  0.7% | MEM:  7.4%Collecting... Points: 16 | CPU:  0.6% | MEM:  7.4%Collecting... Points: 17 | CPU:  0.5% | MEM:  7.5%Collecting... Points: 18 | CPU:  0.7% | MEM:  7.5%Collecting... Points: 19 | CPU:  0.6% | MEM:  7.4%
Collection complete!

=== Starting Save Operation ===
Loaded 19 existing points
Added 19 new points
Total unique points: 38

Save successful:
- Historical points: 38
- Time range: 2025-02-26T13:47:01.336813+01:00 to 2025-02-26T13:48:46.854091+01:00
- File size: 44.75KB

File verification:
- Historical points: 38
- Current points: 19
- Time range: 2025-02-26T13:47:01.336813+01:00 to 2025-02-26T13:48:46.854091+01:00

Points growth: 18 -> 38

=== Script Completed ===
