Starting Flask server (running 24/7 continuously)
 * Tip: There are .env files present. Install python-dotenv to use them.
Inner Radius: 1.000e-06, Effectivity: 37.58%
Efficiency difference:0.0419%
Inner Radius: 1.333e-06, Effectivity: 56.33%
Inner Radius: 1.667e-06, Effectivity: 71.70%
Efficiency difference:0.0142%
Inner Radius: 2.000e-06, Effectivity: 80.66%
Finished with Distance to Glass: 1.000e-08
Inner Radius: 1.000e-06, Effectivity: 36.32%
Efficiency difference:-0.4958%
Inner Radius: 1.333e-06, Effectivity: 54.35%
Inner Radius: 1.667e-06, Effectivity: 68.41%
Efficiency difference:-0.0575%
Inner Radius: 2.000e-06, Effectivity: 76.40%
Finished with Distance to Glass: 1.005e-06
Inner Radius: 1.000e-06, Effectivity: 33.66%
Efficiency difference:0.6134%
Inner Radius: 1.333e-06, Effectivity: 50.95%
Inner Radius: 1.667e-06, Effectivity: 62.36%
Efficiency difference:-0.1547%
Inner Radius: 2.000e-06, Effectivity: 68.86%
Finished with Distance to Glass: 2.000e-06
 * Serving Flask app 'server'
 * Debug mode: off
[31m[1mWARNING: This is a development server. Do not use it in a production deployment. Use a production WSGI server instead.[0m
 * Running on all addresses (0.0.0.0)
 * Running on http://127.0.0.1:5000
 * Running on http://82.211.195.56:5000
[33mPress CTRL+C to quit[0m
127.0.0.1 - - [28/Jul/2025 22:22:46] "GET /data.json?limit=28800&_t=1753741364353 HTTP/1.1" 200 -
127.0.0.1 - - [28/Jul/2025 22:23:46] "GET /data.json?limit=28800&_t=1753741424518 HTTP/1.1" 200 -
127.0.0.1 - - [28/Jul/2025 22:24:51] "GET /data.json?limit=28800&_t=1753741489311 HTTP/1.1" 200 -
Starting Flask server (running 24/7 continuously)
 * Tip: There are .env files present. Install python-dotenv to use them.
Inner Radius: 1.000e-06, Effectivity: 37.58%
Efficiency difference:0.0419%
Inner Radius: 1.333e-06, Effectivity: 56.33%
Inner Radius: 1.667e-06, Effectivity: 71.70%
Efficiency difference:0.0142%
Inner Radius: 2.000e-06, Effectivity: 80.66%
Finished with Distance to Glass: 1.000e-08
Inner Radius: 1.000e-06, Effectivity: 36.32%
Efficiency difference:-0.4958%
Inner Radius: 1.333e-06, Effectivity: 54.35%
Inner Radius: 1.667e-06, Effectivity: 68.41%
Efficiency difference:-0.0575%
Inner Radius: 2.000e-06, Effectivity: 76.40%
Finished with Distance to Glass: 1.005e-06
Inner Radius: 1.000e-06, Effectivity: 33.66%
Efficiency difference:0.6134%
Inner Radius: 1.333e-06, Effectivity: 50.95%
Inner Radius: 1.667e-06, Effectivity: 62.36%
Efficiency difference:-0.1547%
Inner Radius: 2.000e-06, Effectivity: 68.86%
Finished with Distance to Glass: 2.000e-06
 * Serving Flask app 'server'
 * Debug mode: off
[31m[1mWARNING: This is a development server. Do not use it in a production deployment. Use a production WSGI server instead.[0m
 * Running on all addresses (0.0.0.0)
 * Running on http://127.0.0.1:5000
 * Running on http://82.211.195.56:5000
[33mPress CTRL+C to quit[0m
127.0.0.1 - - [28/Jul/2025 22:49:14] "GET /data.json?limit=28800&_t=1753742952310 HTTP/1.1" 200 -
